<?xml version="1.0" encoding="UTF-8"?>
<testng-results ignored="0" total="4" passed="4" failed="0" skipped="0">
  <reporter-output>
  </reporter-output>
  <suite started-at="2021-03-02T04:02:04 IST" name="Default suite" finished-at="2021-03-02T04:02:04 IST" duration-ms="99">
    <groups>
      <group name="Sales">
        <method signature="testcasesgroup.Test1()[pri:0, instance:testcasesgroup@7ee8290b]" name="Test1" class="testcasesgroup"/>
        <method signature="testcasesgroup.Test2()[pri:0, instance:testcasesgroup@7ee8290b]" name="Test2" class="testcasesgroup"/>
      </group> <!-- Sales -->
      <group name="Auditors">
        <method signature="testcasesgroup.Test3()[pri:0, instance:testcasesgroup@7ee8290b]" name="Test3" class="testcasesgroup"/>
      </group> <!-- Auditors -->
      <group name="Marketing">
        <method signature="testcasesgroup.Test4()[pri:0, instance:testcasesgroup@7ee8290b]" name="Test4" class="testcasesgroup"/>
      </group> <!-- Marketing -->
    </groups>
    <test started-at="2021-03-02T04:02:04 IST" name="Default test" finished-at="2021-03-02T04:02:04 IST" duration-ms="99">
      <class name="testcasesgroup">
        <test-method signature="Test1()[pri:0, instance:testcasesgroup@7ee8290b]" started-at="2021-03-02T04:02:04 IST" name="Test1" finished-at="2021-03-02T04:02:04 IST" duration-ms="24" status="PASS">
          <reporter-output>
          </reporter-output>
        </test-method> <!-- Test1 -->
        <test-method signature="Test2()[pri:0, instance:testcasesgroup@7ee8290b]" started-at="2021-03-02T04:02:04 IST" name="Test2" finished-at="2021-03-02T04:02:04 IST" duration-ms="2" status="PASS">
          <reporter-output>
          </reporter-output>
        </test-method> <!-- Test2 -->
        <test-method signature="Test3()[pri:0, instance:testcasesgroup@7ee8290b]" started-at="2021-03-02T04:02:04 IST" name="Test3" finished-at="2021-03-02T04:02:04 IST" duration-ms="1" status="PASS">
          <reporter-output>
          </reporter-output>
        </test-method> <!-- Test3 -->
        <test-method signature="Test4()[pri:0, instance:testcasesgroup@7ee8290b]" started-at="2021-03-02T04:02:04 IST" name="Test4" finished-at="2021-03-02T04:02:04 IST" duration-ms="6" status="PASS">
          <reporter-output>
          </reporter-output>
        </test-method> <!-- Test4 -->
      </class> <!-- testcasesgroup -->
    </test> <!-- Default test -->
  </suite> <!-- Default suite -->
</testng-results>
